[2018-10-20 05:34:57,676 - GDC - INFO] ====start checking====
[2018-10-20 05:35:13,745 - GDC - INFO] successful downloads
[2018-10-20 05:35:13,745 - GDC - INFO] ====check finished====
[2018-10-21 02:24:03,847 - GDC - INFO] 42 Normal samples, 853 Tumor samples 
[2018-10-21 03:03:58,335 - GDC - INFO] 691 Normal samples, 9994 Tumor samples 
[2018-10-21 06:13:07,356 - GDC - INFO] 691 Normal samples, 10795 Tumor samples 
[2018-10-21 06:21:36,581 - GDC - INFO] Percentage of tumor cases in training set is 0.9406716417910448
[2018-10-21 06:21:36,582 - GDC - INFO] Percentage of tumor cases in test set is 0.9378990133488102
[2018-10-21 06:28:59,279 - GDC - INFO] selected features are [88, 285, 339, 352]
[2018-10-21 06:29:37,007 - GDC - INFO] scores are {'LogisticRegression': [0.94766410408042578, 0.94080092861288456, 0.96915633504687027, 0.99164603960396036, 0.17289719626168223], 'GradientBoostingClassifier': [0.0, 0.062100986651189787, 0.0, 0.0, 1.0], 'ExtraTreesClassifier': [0.96385542168674698, 0.9558908879860708, 0.97680097680097677, 0.99009900990099009, 0.43925233644859812], 'AdaBoostClassifier': [0.95605057194461163, 0.94138131166569938, 0.9691791272505339, 0.98267326732673266, 0.31775700934579437], 'SVC': [0.93789901334881021, 0.93789901334881021, 0.96795447738843954, 1.0, 0.0], 'RandomForestClassifier': [0.96532846715328469, 0.95008705745792221, 0.97361963190184053, 0.98205445544554459, 0.46728971962616822]}
[2018-10-21 06:39:01,480 - GDC - INFO] Percentage of tumor cases in training set is 0.9406716417910448
[2018-10-21 06:39:01,482 - GDC - INFO] Percentage of tumor cases in test set is 0.9378990133488102
[2018-10-21 06:43:43,795 - GDC - INFO] Percentage of tumor cases in training set is 0.9406716417910448
[2018-10-21 06:43:43,796 - GDC - INFO] Percentage of tumor cases in test set is 0.9378990133488102
[2018-10-21 06:51:10,320 - GDC - INFO] selected features are [88, 285, 339, 352]
[2018-10-21 06:51:46,911 - GDC - INFO] scores are {'SVC': [0.93789901334881021, 0.93789901334881021, 0.96795447738843954, 1.0, 0.0], 'RandomForestClassifier': [0.96771245811757534, 0.95327916424840398, 0.97528779739063687, 0.98298267326732669, 0.50467289719626163], 'ExtraTreesClassifier': [0.96344410876132935, 0.95240858966918163, 0.97493121369611746, 0.98669554455445541, 0.43457943925233644], 'GradientBoostingClassifier': [0.0, 0.062100986651189787, 0.0, 0.0, 1.0], 'LogisticRegression': [0.94766410408042578, 0.94080092861288456, 0.96915633504687027, 0.99164603960396036, 0.17289719626168223], 'AdaBoostClassifier': [0.95605057194461163, 0.94138131166569938, 0.9691791272505339, 0.98267326732673266, 0.31775700934579437]}
[2018-10-21 06:58:38,215 - GDC - INFO] Percentage of tumor cases in training set is 0.9406716417910448
[2018-10-21 06:58:38,217 - GDC - INFO] Percentage of tumor cases in test set is 0.9378990133488102
[2018-10-21 07:06:03,670 - GDC - INFO] selected features are [88, 285, 339, 352]
[2018-10-21 07:09:45,462 - GDC - INFO] Percentage of tumor cases in training set is 0.9406716417910448
[2018-10-21 07:09:45,465 - GDC - INFO] Percentage of tumor cases in test set is 0.9378990133488102
[2018-10-21 07:17:13,529 - GDC - INFO] selected features are [88, 285, 339, 352]
[2018-10-21 07:17:50,393 - GDC - INFO] scores are {'ExtraTreesClassifier': [0.96479085164008427, 0.95850261172373763, 0.97818459191456908, 0.9919554455445545, 0.45327102803738317], 'AdaBoostClassifier': [0.95605057194461163, 0.94138131166569938, 0.9691791272505339, 0.98267326732673266, 0.31775700934579437], 'SVC': [0.93789901334881021, 0.93789901334881021, 0.96795447738843954, 1.0, 0.0], 'LogisticRegression': [0.94766410408042578, 0.94080092861288456, 0.96915633504687027, 0.99164603960396036, 0.17289719626168223], 'RandomForestClassifier': [0.96665656259472565, 0.95560069645966339, 0.97657326596233351, 0.98669554455445541, 0.48598130841121495], 'GradientBoostingClassifier': [0.0, 0.062100986651189787, 0.0, 0.0, 1.0]}
[2018-10-21 07:31:05,412 - GDC - INFO] Percentage of tumor cases in training set is 0.9406716417910448
[2018-10-21 07:31:05,413 - GDC - INFO] Percentage of tumor cases in test set is 0.9378990133488102
[2018-10-21 07:38:24,084 - GDC - INFO] selected features are [88, 285, 339, 352]
[2018-10-21 07:39:01,006 - GDC - INFO] scores are {'SVC': [0.93789901334881021, 0.93789901334881021, 0.96795447738843954, 1.0, 0.0], 'AdaBoostClassifier': [0.95605057194461163, 0.94138131166569938, 0.9691791272505339, 0.98267326732673266, 0.31775700934579437], 'ExtraTreesClassifier': [0.96123798076923073, 0.95298897272199656, 0.97530487804878052, 0.98978960396039606, 0.39719626168224298], 'RandomForestClassifier': [0.96605031827826615, 0.95443993035403363, 0.97596080232736182, 0.98607673267326734, 0.47663551401869159], 'GradientBoostingClassifier': [0.0, 0.062100986651189787, 0.0, 0.0, 1.0], 'LogisticRegression': [0.94766410408042578, 0.94080092861288456, 0.96915633504687027, 0.99164603960396036, 0.17289719626168223]}
[2018-10-21 07:41:13,566 - GDC - INFO] Percentage of tumor cases in training set is 0.9406716417910448
[2018-10-21 07:41:13,568 - GDC - INFO] Percentage of tumor cases in test set is 0.9378990133488102
[2018-10-21 07:48:30,229 - GDC - INFO] selected features are [88, 285, 339, 352]
[2018-10-21 07:49:07,085 - GDC - INFO] scores are {'ExtraTreesClassifier': [0.96479085164008427, 0.95850261172373763, 0.97818459191456908, 0.9919554455445545, 0.45327102803738317], 'AdaBoostClassifier': [0.95605057194461163, 0.94138131166569938, 0.9691791272505339, 0.98267326732673266, 0.31775700934579437], 'LogisticRegression': [0.94766410408042578, 0.94080092861288456, 0.96915633504687027, 0.99164603960396036, 0.17289719626168223], 'SVC': [0.93789901334881021, 0.93789901334881021, 0.96795447738843954, 1.0, 0.0], 'RandomForestClassifier': [0.96605031827826615, 0.95443993035403363, 0.97596080232736182, 0.98607673267326734, 0.47663551401869159], 'GradientBoostingClassifier': [0.0, 0.062100986651189787, 0.0, 0.0, 1.0]}
[2018-10-21 08:27:35,795 - GDC - INFO] Percentage of tumor cases in training set is 0.9406716417910448
[2018-10-21 08:27:35,797 - GDC - INFO] Percentage of tumor cases in test set is 0.9378990133488102
[2018-10-21 08:34:50,472 - GDC - INFO] selected features are [88, 285, 339, 352]
[2018-10-21 08:35:27,288 - GDC - INFO] scores are {'GradientBoostingClassifier': [0.0, 0.062100986651189787, 0.0, 0.0, 1.0], 'AdaBoostClassifier': [0.95605057194461163, 0.94138131166569938, 0.9691791272505339, 0.98267326732673266, 0.31775700934579437], 'SVC': [0.93789901334881021, 0.93789901334881021, 0.96795447738843954, 1.0, 0.0], 'ExtraTreesClassifier': [0.9636913767019667, 0.95153801508995939, 0.97445311304879911, 0.98545792079207917, 0.43925233644859812], 'RandomForestClassifier': [0.96671709531013617, 0.95734184561810798, 0.97751262046810461, 0.98855198019801982, 0.48598130841121495], 'LogisticRegression': [0.94766410408042578, 0.94080092861288456, 0.96915633504687027, 0.99164603960396036, 0.17289719626168223]}
[2018-10-22 00:50:38,196 - GDC - INFO] 691 Normal samples, 10795 Tumor samples 
[2018-10-22 00:55:13,354 - GDC - INFO] Percentage of tumor cases in training set is 0.9406716417910448
[2018-10-22 00:55:13,357 - GDC - INFO] Percentage of tumor cases in test set is 0.9378990133488102
[2018-10-22 01:02:25,208 - GDC - INFO] selected features are [88, 285, 339, 352]
[2018-10-22 01:03:02,359 - GDC - INFO] scores are {'ExtraTreesClassifier': [0.96479085164008427, 0.95850261172373763, 0.97818459191456908, 0.9919554455445545, 0.45327102803738317], 'LogisticRegression': [0.94766410408042578, 0.94080092861288456, 0.96915633504687027, 0.99164603960396036, 0.17289719626168223], 'AdaBoostClassifier': [0.95605057194461163, 0.94138131166569938, 0.9691791272505339, 0.98267326732673266, 0.31775700934579437], 'SVC': [0.93789901334881021, 0.93789901334881021, 0.96795447738843954, 1.0, 0.0], 'RandomForestClassifier': [0.96605031827826615, 0.95443993035403363, 0.97596080232736182, 0.98607673267326734, 0.47663551401869159], 'GradientBoostingClassifier': [0.0, 0.062100986651189787, 0.0, 0.0, 1.0]}
[2018-10-22 02:38:38,529 - GDC - INFO] Percentage of tumor cases in training set is 18.008582089552238
[2018-10-22 02:38:38,530 - GDC - INFO] Percentage of tumor cases in test set is 18.00464306442252
[2018-10-22 02:46:29,588 - GDC - INFO] selected features are [26, 248, 306, 352, 514, 1848, 1860]
[2018-10-22 03:05:05,010 - GDC - INFO] Percentage of tumor cases in training set is 18.008582089552238
[2018-10-22 03:05:05,011 - GDC - INFO] Percentage of tumor cases in test set is 18.00464306442252
[2018-10-22 03:12:40,418 - GDC - INFO] selected features are [26, 248, 306, 352, 514, 1848, 1860]
[2018-10-22 03:15:21,329 - GDC - INFO] Percentage of tumor cases in training set is 18.008582089552238
[2018-10-22 03:15:21,331 - GDC - INFO] Percentage of tumor cases in test set is 18.00464306442252
[2018-10-22 03:22:57,056 - GDC - INFO] selected features are [26, 248, 306, 352, 514, 1848, 1860]
[2018-10-22 03:31:30,386 - GDC - INFO] Percentage of tumor cases in training set is 18.008582089552238
[2018-10-22 03:31:30,389 - GDC - INFO] Percentage of tumor cases in test set is 18.00464306442252
[2018-10-22 03:39:05,233 - GDC - INFO] selected features are [26, 248, 306, 352, 514, 1848, 1860]
[2018-10-22 03:43:08,955 - GDC - INFO] Percentage of tumor cases in training set is 18.008582089552238
[2018-10-22 03:43:08,956 - GDC - INFO] Percentage of tumor cases in test set is 18.00464306442252
[2018-10-22 03:50:52,972 - GDC - INFO] selected features are [26, 248, 306, 352, 514, 1848, 1860]
[2018-10-22 03:51:04,570 - GDC - INFO] scores are {'RandomForestClassifier': [0.57373582736926154, 0.64770748694138136, 0.5479964224068935, 0.54396901228256067, -0.0023208983241748866]}
[2018-10-22 07:07:12,274 - GDC - INFO] Percentage of tumor cases in training set is 18.008582089552238
[2018-10-22 07:07:12,276 - GDC - INFO] Percentage of tumor cases in test set is 18.00464306442252
[2018-10-22 07:15:30,410 - GDC - INFO] selected features are [26, 248, 306, 352, 514, 1848, 1860]
[2018-10-22 07:28:11,133 - GDC - INFO] scores are {'ExtraTreesClassifier': [0.56716142185411533, 0.63668020893789901, 0.53505265927099721, 0.53261534768570629, -0.0023208983241748866], 'SVC': [0.27482760498313641, 0.34271619268717352, 0.22286799862908019, 0.23548974834293729, -0.00080207515614867404], 'LogisticRegression': [0.33598576089458149, 0.46517701683110851, 0.30991735554886018, 0.31911873145188513, -0.00078500972729444692], 'GradientBoostingClassifier': [0.0039818594278592757, 0.017121300058038306, 0.0043416924525605388, 0.015065418282340808, -0.00027304686166763372], 'RandomForestClassifier': [0.59110169604695684, 0.65002901915264077, 0.55499288504075206, 0.548838917937302, -0.0023379637530291137], 'AdaBoostClassifier': [0.11195283247983905, 0.20922809053975625, 0.092386734599640793, 0.1399689649690328, -0.00083620601385712826]}
[2018-10-22 07:28:25,395 - GDC - INFO] Percentage of tumor cases in training set is 18.008582089552238
[2018-10-22 07:28:25,396 - GDC - INFO] Percentage of tumor cases in test set is 18.00464306442252
[2018-10-22 07:36:40,899 - GDC - INFO] selected features are [26, 248, 306, 352, 514, 1848, 1860]
[2018-10-23 00:28:10,529 - GDC - INFO] Percentage of tumor cases in training set is 18.008582089552238
[2018-10-23 00:28:10,530 - GDC - INFO] Percentage of tumor cases in test set is 18.00464306442252
[2018-10-23 00:35:46,599 - GDC - INFO] selected features are [26, 248, 306, 352, 514, 1848, 1860]
[2018-10-23 00:50:53,812 - GDC - INFO] Percentage of tumor cases in training set is 17.202487562189056
[2018-10-23 00:50:53,813 - GDC - INFO] Percentage of tumor cases in test set is 17.271329077190945
[2018-10-23 01:04:17,440 - GDC - INFO] selected features are []
[2018-10-23 03:33:59,299 - GDC - INFO] selected features are [185, 272, 1126, 1131, 1153]
[2018-10-23 03:34:10,255 - GDC - INFO] scores are {'RandomForestClassifier': [0.92769372231045721, 0.99709808473592576, 0.91306146751031858, 0.89941451990632326, 0.99882903981264637], 'ExtraTreesClassifier': [0.96066126855600542, 0.99767846778874059, 0.92798629106411434, 0.8997072599531617, 0.99941451990632324], 'SVC': [0.91143670058047221, 0.99564712710388859, 0.85739391448049063, 0.81608118657298978, 0.99882903981264637], 'AdaBoostClassifier': [0.92143563268892792, 0.99767846778874059, 0.93489821943040674, 0.94926814988290398, 0.99853629976580793], 'LogisticRegression': [0.90623747467853932, 0.99622751015670341, 0.88501392471669293, 0.86593481654957061, 0.99853629976580793], 'GradientBoostingClassifier': [0.49564712710388859, 0.99129425420777717, 0.49781404838239579, 0.5, 1.0]}
[2018-10-23 05:10:39,796 - GDC - INFO] Percentage of tumor cases in training set is 18.008582089552238
[2018-10-23 05:10:39,797 - GDC - INFO] Percentage of tumor cases in test set is 18.00464306442252
[2018-10-23 05:18:11,942 - GDC - INFO] selected features are [26, 248, 306, 352, 514, 1848, 1860]
[2018-10-23 05:18:23,455 - GDC - INFO] scores are {'RandomForestClassifier': [0.57373582736926154, 0.64770748694138136, 0.5479964224068935, 0.54396901228256067, -0.0023208983241748866]}
[2018-10-23 06:09:46,713 - GDC - INFO] Percentage of tumor cases in training set is 18.008582089552238
[2018-10-23 06:09:46,716 - GDC - INFO] Percentage of tumor cases in test set is 18.00464306442252
[2018-10-23 06:17:22,980 - GDC - INFO] selected features are [26, 248, 306, 352, 514, 1848, 1860]
[2018-10-23 06:19:08,988 - GDC - INFO] Percentage of tumor cases in training set is 18.008582089552238
[2018-10-23 06:19:08,989 - GDC - INFO] Percentage of tumor cases in test set is 18.00464306442252
[2018-10-23 06:26:40,659 - GDC - INFO] selected features are [26, 248, 306, 352, 514, 1848, 1860]
[2018-10-23 06:36:56,581 - GDC - INFO] Percentage of tumor cases in training set is 18.008582089552238
[2018-10-23 06:36:56,582 - GDC - INFO] Percentage of tumor cases in test set is 18.00464306442252
[2018-10-23 06:44:38,952 - GDC - INFO] selected features are [26, 248, 306, 352, 514, 1848, 1860]
[2018-10-23 06:44:50,385 - GDC - INFO] scores are {'RandomForestClassifier': [0.57373582736926154, 0.64770748694138136, 0.5479964224068935, 0.54396901228256067, -0.0023208983241748866, 0.5479964224068935]}
